2023-12-03 00:08:12 WARN  com.zaxxer.hikari.pool.HikariPool - HikariPool-3 - Thread starvation or clock leap detected (housekeeper delta=18h3m41s134ms317µs900ns).
2023-12-03 00:09:47 WARN  o.s.b.a.o.j.JpaBaseConfiguration$JpaWebConfiguration - spring.jpa.open-in-view is enabled by default. Therefore, database queries may be performed during view rendering. Explicitly configure spring.jpa.open-in-view to disable this warning
2023-12-03 00:09:53 WARN  o.s.b.a.o.j.JpaBaseConfiguration$JpaWebConfiguration - spring.jpa.open-in-view is enabled by default. Therefore, database queries may be performed during view rendering. Explicitly configure spring.jpa.open-in-view to disable this warning
2023-12-03 00:14:27 WARN  o.s.b.a.o.j.JpaBaseConfiguration$JpaWebConfiguration - spring.jpa.open-in-view is enabled by default. Therefore, database queries may be performed during view rendering. Explicitly configure spring.jpa.open-in-view to disable this warning
2023-12-03 00:21:43 WARN  o.s.b.a.o.j.JpaBaseConfiguration$JpaWebConfiguration - spring.jpa.open-in-view is enabled by default. Therefore, database queries may be performed during view rendering. Explicitly configure spring.jpa.open-in-view to disable this warning
2023-12-03 00:56:55 WARN  o.s.b.a.o.j.JpaBaseConfiguration$JpaWebConfiguration - spring.jpa.open-in-view is enabled by default. Therefore, database queries may be performed during view rendering. Explicitly configure spring.jpa.open-in-view to disable this warning
2023-12-03 00:57:00 WARN  o.s.b.a.o.j.JpaBaseConfiguration$JpaWebConfiguration - spring.jpa.open-in-view is enabled by default. Therefore, database queries may be performed during view rendering. Explicitly configure spring.jpa.open-in-view to disable this warning
2023-12-03 00:57:18 WARN  o.s.b.a.o.j.JpaBaseConfiguration$JpaWebConfiguration - spring.jpa.open-in-view is enabled by default. Therefore, database queries may be performed during view rendering. Explicitly configure spring.jpa.open-in-view to disable this warning
2023-12-03 00:57:22 WARN  o.s.b.a.o.j.JpaBaseConfiguration$JpaWebConfiguration - spring.jpa.open-in-view is enabled by default. Therefore, database queries may be performed during view rendering. Explicitly configure spring.jpa.open-in-view to disable this warning
2023-12-03 00:58:19 WARN  o.s.b.a.o.j.JpaBaseConfiguration$JpaWebConfiguration - spring.jpa.open-in-view is enabled by default. Therefore, database queries may be performed during view rendering. Explicitly configure spring.jpa.open-in-view to disable this warning
2023-12-03 01:04:07 WARN  o.t.s.p.AbstractStandardFragmentInsertionTagProcessor - [THYMELEAF][http-nio-8080-exec-2][LoginPage] Deprecated unwrapped fragment expression "Navbar :: Navbar" found in template LoginPage, line 14, col 6. Please use the complete syntax of fragment expressions instead ("~{Navbar :: Navbar}"). The old, unwrapped syntax for fragment expressions will be removed in future versions of Thymeleaf.
2023-12-03 01:04:11 WARN  o.t.s.p.AbstractStandardFragmentInsertionTagProcessor - [THYMELEAF][http-nio-8080-exec-10][PostLoginPages/DashBoard] Deprecated unwrapped fragment expression "PostLoginPages/LoginNavbar :: LoginNavbar" found in template PostLoginPages/DashBoard, line 14, col 6. Please use the complete syntax of fragment expressions instead ("~{PostLoginPages/LoginNavbar :: LoginNavbar}"). The old, unwrapped syntax for fragment expressions will be removed in future versions of Thymeleaf.
2023-12-03 01:04:13 WARN  o.t.s.p.AbstractStandardFragmentInsertionTagProcessor - [THYMELEAF][http-nio-8080-exec-2][PostLoginPages/Menu] Deprecated unwrapped fragment expression "PostLoginPages/LoginNavbar :: LoginNavbar" found in template PostLoginPages/Menu, line 17, col 6. Please use the complete syntax of fragment expressions instead ("~{PostLoginPages/LoginNavbar :: LoginNavbar}"). The old, unwrapped syntax for fragment expressions will be removed in future versions of Thymeleaf.
2023-12-03 01:04:25 WARN  o.t.s.p.AbstractStandardFragmentInsertionTagProcessor - [THYMELEAF][http-nio-8080-exec-7][PostLoginPages/Menu] Deprecated unwrapped fragment expression "PostLoginPages/LoginNavbar :: LoginNavbar" found in template PostLoginPages/Menu, line 17, col 6. Please use the complete syntax of fragment expressions instead ("~{PostLoginPages/LoginNavbar :: LoginNavbar}"). The old, unwrapped syntax for fragment expressions will be removed in future versions of Thymeleaf.
2023-12-03 01:05:20 WARN  o.t.s.p.AbstractStandardFragmentInsertionTagProcessor - [THYMELEAF][http-nio-8080-exec-7][LoginPage] Deprecated unwrapped fragment expression "Navbar :: Navbar" found in template LoginPage, line 14, col 6. Please use the complete syntax of fragment expressions instead ("~{Navbar :: Navbar}"). The old, unwrapped syntax for fragment expressions will be removed in future versions of Thymeleaf.
2023-12-03 01:05:23 WARN  o.t.s.p.AbstractStandardFragmentInsertionTagProcessor - [THYMELEAF][http-nio-8080-exec-5][PostLoginPages/DashBoard] Deprecated unwrapped fragment expression "PostLoginPages/LoginNavbar :: LoginNavbar" found in template PostLoginPages/DashBoard, line 14, col 6. Please use the complete syntax of fragment expressions instead ("~{PostLoginPages/LoginNavbar :: LoginNavbar}"). The old, unwrapped syntax for fragment expressions will be removed in future versions of Thymeleaf.
2023-12-03 01:05:25 WARN  o.s.w.s.m.m.a.ExceptionHandlerExceptionResolver - Resolved [org.springframework.jdbc.BadSqlGrammarException: PreparedStatementCallback; bad SQL grammar [SELECT us.FIRSTNAME, men.restaurant_name, ord.order_timestamp, ord.status, orde.quantity, (orde.quantity * orde.price) as total_price, men.item_name, orde.status_order orde.status_order FROM unidinehub.orders ord JOIN unidinehub.order_details orde ON ord.order_id = orde.order_id JOIN unidinehub.menu_items men ON men.item_id = orde.item_id JOIN unidinehub.user us ON us.user_id = ord.user_id WHERE ord.user_id  = ?]]
2023-12-03 01:05:25 WARN  o.t.s.p.AbstractStandardFragmentInsertionTagProcessor - [THYMELEAF][http-nio-8080-exec-7][errorPage] Deprecated unwrapped fragment expression "Navbar :: Navbar" found in template errorPage, line 28, col 10. Please use the complete syntax of fragment expressions instead ("~{Navbar :: Navbar}"). The old, unwrapped syntax for fragment expressions will be removed in future versions of Thymeleaf.
2023-12-03 01:21:38 WARN  o.t.s.p.AbstractStandardFragmentInsertionTagProcessor - [THYMELEAF][http-nio-8080-exec-10][LoginPage] Deprecated unwrapped fragment expression "Navbar :: Navbar" found in template LoginPage, line 14, col 6. Please use the complete syntax of fragment expressions instead ("~{Navbar :: Navbar}"). The old, unwrapped syntax for fragment expressions will be removed in future versions of Thymeleaf.
2023-12-03 01:21:40 WARN  o.t.s.p.AbstractStandardFragmentInsertionTagProcessor - [THYMELEAF][http-nio-8080-exec-8][PostLoginPages/DashBoard] Deprecated unwrapped fragment expression "PostLoginPages/LoginNavbar :: LoginNavbar" found in template PostLoginPages/DashBoard, line 14, col 6. Please use the complete syntax of fragment expressions instead ("~{PostLoginPages/LoginNavbar :: LoginNavbar}"). The old, unwrapped syntax for fragment expressions will be removed in future versions of Thymeleaf.
2023-12-03 01:21:42 WARN  o.t.s.p.AbstractStandardFragmentInsertionTagProcessor - [THYMELEAF][http-nio-8080-exec-10][PostLoginPages/Menu] Deprecated unwrapped fragment expression "PostLoginPages/LoginNavbar :: LoginNavbar" found in template PostLoginPages/Menu, line 17, col 6. Please use the complete syntax of fragment expressions instead ("~{PostLoginPages/LoginNavbar :: LoginNavbar}"). The old, unwrapped syntax for fragment expressions will be removed in future versions of Thymeleaf.
2023-12-03 01:27:04 WARN  o.t.s.p.AbstractStandardFragmentInsertionTagProcessor - [THYMELEAF][http-nio-8080-exec-1][PostLoginPages/ViewCart] Deprecated unwrapped fragment expression "PostLoginPages/LoginNavbar :: LoginNavbar" found in template PostLoginPages/ViewCart, line 12, col 6. Please use the complete syntax of fragment expressions instead ("~{PostLoginPages/LoginNavbar :: LoginNavbar}"). The old, unwrapped syntax for fragment expressions will be removed in future versions of Thymeleaf.
2023-12-03 01:27:11 WARN  o.t.s.p.AbstractStandardFragmentInsertionTagProcessor - [THYMELEAF][http-nio-8080-exec-6][PostLoginPages/ViewCart] Deprecated unwrapped fragment expression "PostLoginPages/LoginNavbar :: LoginNavbar" found in template PostLoginPages/ViewCart, line 12, col 6. Please use the complete syntax of fragment expressions instead ("~{PostLoginPages/LoginNavbar :: LoginNavbar}"). The old, unwrapped syntax for fragment expressions will be removed in future versions of Thymeleaf.
2023-12-03 01:27:15 WARN  o.t.s.p.AbstractStandardFragmentInsertionTagProcessor - [THYMELEAF][http-nio-8080-exec-1][PostLoginPages/ViewCart] Deprecated unwrapped fragment expression "PostLoginPages/LoginNavbar :: LoginNavbar" found in template PostLoginPages/ViewCart, line 12, col 6. Please use the complete syntax of fragment expressions instead ("~{PostLoginPages/LoginNavbar :: LoginNavbar}"). The old, unwrapped syntax for fragment expressions will be removed in future versions of Thymeleaf.
2023-12-03 01:27:20 WARN  o.t.s.p.AbstractStandardFragmentInsertionTagProcessor - [THYMELEAF][http-nio-8080-exec-3][PostLoginPages/DashBoard] Deprecated unwrapped fragment expression "PostLoginPages/LoginNavbar :: LoginNavbar" found in template PostLoginPages/DashBoard, line 14, col 6. Please use the complete syntax of fragment expressions instead ("~{PostLoginPages/LoginNavbar :: LoginNavbar}"). The old, unwrapped syntax for fragment expressions will be removed in future versions of Thymeleaf.
2023-12-03 01:27:22 WARN  o.t.s.p.AbstractStandardFragmentInsertionTagProcessor - [THYMELEAF][http-nio-8080-exec-1][PostLoginPages/ViewCart] Deprecated unwrapped fragment expression "PostLoginPages/LoginNavbar :: LoginNavbar" found in template PostLoginPages/ViewCart, line 12, col 6. Please use the complete syntax of fragment expressions instead ("~{PostLoginPages/LoginNavbar :: LoginNavbar}"). The old, unwrapped syntax for fragment expressions will be removed in future versions of Thymeleaf.
2023-12-03 01:27:25 WARN  o.t.s.p.AbstractStandardFragmentInsertionTagProcessor - [THYMELEAF][http-nio-8080-exec-6][PostLoginPages/ViewCart] Deprecated unwrapped fragment expression "PostLoginPages/LoginNavbar :: LoginNavbar" found in template PostLoginPages/ViewCart, line 12, col 6. Please use the complete syntax of fragment expressions instead ("~{PostLoginPages/LoginNavbar :: LoginNavbar}"). The old, unwrapped syntax for fragment expressions will be removed in future versions of Thymeleaf.
2023-12-03 01:59:10 WARN  com.zaxxer.hikari.pool.HikariPool - HikariPool-6 - Thread starvation or clock leap detected (housekeeper delta=25m50s586ms565µs500ns).
2023-12-03 09:56:25 WARN  com.zaxxer.hikari.pool.HikariPool - HikariPool-6 - Thread starvation or clock leap detected (housekeeper delta=7h57m18s277ms51µs700ns).
2023-12-03 10:02:36 WARN  com.zaxxer.hikari.pool.HikariPool - HikariPool-6 - Thread starvation or clock leap detected (housekeeper delta=1m11s188ms535µs).
2023-12-03 10:05:48 WARN  o.s.b.a.o.j.JpaBaseConfiguration$JpaWebConfiguration - spring.jpa.open-in-view is enabled by default. Therefore, database queries may be performed during view rendering. Explicitly configure spring.jpa.open-in-view to disable this warning
2023-12-03 10:06:10 WARN  o.t.s.p.AbstractStandardFragmentInsertionTagProcessor - [THYMELEAF][http-nio-8080-exec-8][LoginPage] Deprecated unwrapped fragment expression "Navbar :: Navbar" found in template LoginPage, line 14, col 6. Please use the complete syntax of fragment expressions instead ("~{Navbar :: Navbar}"). The old, unwrapped syntax for fragment expressions will be removed in future versions of Thymeleaf.
2023-12-03 10:06:14 WARN  o.t.s.p.AbstractStandardFragmentInsertionTagProcessor - [THYMELEAF][http-nio-8080-exec-6][PostLoginPages/DashBoard] Deprecated unwrapped fragment expression "PostLoginPages/LoginNavbar :: LoginNavbar" found in template PostLoginPages/DashBoard, line 14, col 6. Please use the complete syntax of fragment expressions instead ("~{PostLoginPages/LoginNavbar :: LoginNavbar}"). The old, unwrapped syntax for fragment expressions will be removed in future versions of Thymeleaf.
2023-12-03 10:06:15 WARN  o.t.s.p.AbstractStandardFragmentInsertionTagProcessor - [THYMELEAF][http-nio-8080-exec-8][PostLoginPages/Menu] Deprecated unwrapped fragment expression "PostLoginPages/LoginNavbar :: LoginNavbar" found in template PostLoginPages/Menu, line 17, col 6. Please use the complete syntax of fragment expressions instead ("~{PostLoginPages/LoginNavbar :: LoginNavbar}"). The old, unwrapped syntax for fragment expressions will be removed in future versions of Thymeleaf.
2023-12-03 10:06:17 WARN  o.t.s.p.AbstractStandardFragmentInsertionTagProcessor - [THYMELEAF][http-nio-8080-exec-7][PostLoginPages/ViewCart] Deprecated unwrapped fragment expression "PostLoginPages/LoginNavbar :: LoginNavbar" found in template PostLoginPages/ViewCart, line 12, col 6. Please use the complete syntax of fragment expressions instead ("~{PostLoginPages/LoginNavbar :: LoginNavbar}"). The old, unwrapped syntax for fragment expressions will be removed in future versions of Thymeleaf.
2023-12-03 10:06:55 WARN  o.s.b.a.o.j.JpaBaseConfiguration$JpaWebConfiguration - spring.jpa.open-in-view is enabled by default. Therefore, database queries may be performed during view rendering. Explicitly configure spring.jpa.open-in-view to disable this warning
2023-12-03 10:07:11 WARN  o.t.s.p.AbstractStandardFragmentInsertionTagProcessor - [THYMELEAF][http-nio-8080-exec-5][LoginPage] Deprecated unwrapped fragment expression "Navbar :: Navbar" found in template LoginPage, line 14, col 6. Please use the complete syntax of fragment expressions instead ("~{Navbar :: Navbar}"). The old, unwrapped syntax for fragment expressions will be removed in future versions of Thymeleaf.
2023-12-03 10:07:18 WARN  o.a.c.util.SessionIdGeneratorBase - Creation of SecureRandom instance for session ID generation using [SHA1PRNG] took [119] milliseconds.
2023-12-03 10:07:18 WARN  o.t.s.p.AbstractStandardFragmentInsertionTagProcessor - [THYMELEAF][http-nio-8080-exec-9][PostLoginPages/DashBoard] Deprecated unwrapped fragment expression "PostLoginPages/LoginNavbar :: LoginNavbar" found in template PostLoginPages/DashBoard, line 14, col 6. Please use the complete syntax of fragment expressions instead ("~{PostLoginPages/LoginNavbar :: LoginNavbar}"). The old, unwrapped syntax for fragment expressions will be removed in future versions of Thymeleaf.
2023-12-03 10:07:20 WARN  o.t.s.p.AbstractStandardFragmentInsertionTagProcessor - [THYMELEAF][http-nio-8080-exec-5][PostLoginPages/ViewCart] Deprecated unwrapped fragment expression "PostLoginPages/LoginNavbar :: LoginNavbar" found in template PostLoginPages/ViewCart, line 12, col 6. Please use the complete syntax of fragment expressions instead ("~{PostLoginPages/LoginNavbar :: LoginNavbar}"). The old, unwrapped syntax for fragment expressions will be removed in future versions of Thymeleaf.
2023-12-03 10:07:24 WARN  o.t.s.p.AbstractStandardFragmentInsertionTagProcessor - [THYMELEAF][http-nio-8080-exec-8][PostLoginPages/DashBoard] Deprecated unwrapped fragment expression "PostLoginPages/LoginNavbar :: LoginNavbar" found in template PostLoginPages/DashBoard, line 14, col 6. Please use the complete syntax of fragment expressions instead ("~{PostLoginPages/LoginNavbar :: LoginNavbar}"). The old, unwrapped syntax for fragment expressions will be removed in future versions of Thymeleaf.
2023-12-03 10:07:36 WARN  o.t.s.p.AbstractStandardFragmentInsertionTagProcessor - [THYMELEAF][http-nio-8080-exec-4][PostLoginPages/Menu] Deprecated unwrapped fragment expression "PostLoginPages/LoginNavbar :: LoginNavbar" found in template PostLoginPages/Menu, line 17, col 6. Please use the complete syntax of fragment expressions instead ("~{PostLoginPages/LoginNavbar :: LoginNavbar}"). The old, unwrapped syntax for fragment expressions will be removed in future versions of Thymeleaf.
2023-12-03 10:08:03 WARN  o.t.s.p.AbstractStandardFragmentInsertionTagProcessor - [THYMELEAF][http-nio-8080-exec-7][PostLoginPages/ViewCart] Deprecated unwrapped fragment expression "PostLoginPages/LoginNavbar :: LoginNavbar" found in template PostLoginPages/ViewCart, line 12, col 6. Please use the complete syntax of fragment expressions instead ("~{PostLoginPages/LoginNavbar :: LoginNavbar}"). The old, unwrapped syntax for fragment expressions will be removed in future versions of Thymeleaf.
2023-12-03 10:08:55 WARN  o.a.c.loader.WebappClassLoaderBase - The web application [UniDineHub] is still processing a request that has yet to finish. This is very likely to create a memory leak. You can control the time allowed for requests to finish by using the unloadDelay attribute of the standard Context implementation. Stack trace of request processing thread:[
 com.UniHubDine.Restaurant.Dao.CartJdbcRepository.deleteCart(Unknown Source)
 java.base@17.0.6/jdk.internal.reflect.NativeMethodAccessorImpl.invoke0(Native Method)
 java.base@17.0.6/jdk.internal.reflect.NativeMethodAccessorImpl.invoke(NativeMethodAccessorImpl.java:77)
 java.base@17.0.6/jdk.internal.reflect.DelegatingMethodAccessorImpl.invoke(DelegatingMethodAccessorImpl.java:43)
 java.base@17.0.6/java.lang.reflect.Method.invoke(Method.java:568)
 app//org.springframework.aop.support.AopUtils.invokeJoinpointUsingReflection(AopUtils.java:343)
 app//org.springframework.aop.framework.ReflectiveMethodInvocation.invokeJoinpoint(ReflectiveMethodInvocation.java:196)
 app//org.springframework.aop.framework.ReflectiveMethodInvocation.proceed(ReflectiveMethodInvocation.java:163)
 app//org.springframework.aop.framework.CglibAopProxy$CglibMethodInvocation.proceed(CglibAopProxy.java:751)
 app//org.springframework.dao.support.PersistenceExceptionTranslationInterceptor.invoke(PersistenceExceptionTranslationInterceptor.java:137)
 app//org.springframework.aop.framework.ReflectiveMethodInvocation.proceed(ReflectiveMethodInvocation.java:184)
 app//org.springframework.aop.framework.CglibAopProxy$CglibMethodInvocation.proceed(CglibAopProxy.java:751)
 app//org.springframework.aop.framework.CglibAopProxy$DynamicAdvisedInterceptor.intercept(CglibAopProxy.java:703)
 com.UniHubDine.Restaurant.Dao.CartJdbcRepository$$SpringCGLIB$$0.deleteCart(<generated>)
 com.UniHubDine.Restaurant.Service.CartService.deleteCart(CartService.java:41)
 java.base@17.0.6/jdk.internal.reflect.NativeMethodAccessorImpl.invoke0(Native Method)
 java.base@17.0.6/jdk.internal.reflect.NativeMethodAccessorImpl.invoke(NativeMethodAccessorImpl.java:77)
 java.base@17.0.6/jdk.internal.reflect.DelegatingMethodAccessorImpl.invoke(DelegatingMethodAccessorImpl.java:43)
 java.base@17.0.6/java.lang.reflect.Method.invoke(Method.java:568)
 app//org.springframework.aop.support.AopUtils.invokeJoinpointUsingReflection(AopUtils.java:343)
 app//org.springframework.aop.framework.ReflectiveMethodInvocation.invokeJoinpoint(ReflectiveMethodInvocation.java:196)
 app//org.springframework.aop.framework.ReflectiveMethodInvocation.proceed(ReflectiveMethodInvocation.java:163)
 app//org.springframework.aop.framework.CglibAopProxy$CglibMethodInvocation.proceed(CglibAopProxy.java:751)
 app//org.springframework.transaction.interceptor.TransactionInterceptor$1.proceedWithInvocation(TransactionInterceptor.java:123)
 app//org.springframework.transaction.interceptor.TransactionAspectSupport.invokeWithinTransaction(TransactionAspectSupport.java:391)
 app//org.springframework.transaction.interceptor.TransactionInterceptor.invoke(TransactionInterceptor.java:119)
 app//org.springframework.aop.framework.ReflectiveMethodInvocation.proceed(ReflectiveMethodInvocation.java:184)
 app//org.springframework.aop.framework.CglibAopProxy$CglibMethodInvocation.proceed(CglibAopProxy.java:751)
 app//org.springframework.aop.framework.CglibAopProxy$DynamicAdvisedInterceptor.intercept(CglibAopProxy.java:703)
 com.UniHubDine.Restaurant.Service.CartService$$SpringCGLIB$$0.deleteCart(<generated>)
 com.UniHubDine.Restaurant.Controller.MenuController.removeItemFromCart(MenuController.java:141)
 java.base@17.0.6/jdk.internal.reflect.NativeMethodAccessorImpl.invoke0(Native Method)
 java.base@17.0.6/jdk.internal.reflect.NativeMethodAccessorImpl.invoke(NativeMethodAccessorImpl.java:77)
 java.base@17.0.6/jdk.internal.reflect.DelegatingMethodAccessorImpl.invoke(DelegatingMethodAccessorImpl.java:43)
 java.base@17.0.6/java.lang.reflect.Method.invoke(Method.java:568)
 app//org.springframework.web.method.support.InvocableHandlerMethod.doInvoke(InvocableHandlerMethod.java:205)
 app//org.springframework.web.method.support.InvocableHandlerMethod.invokeForRequest(InvocableHandlerMethod.java:150)
 app//org.springframework.web.servlet.mvc.method.annotation.ServletInvocableHandlerMethod.invokeAndHandle(ServletInvocableHandlerMethod.java:118)
 app//org.springframework.web.servlet.mvc.method.annotation.RequestMappingHandlerAdapter.invokeHandlerMethod(RequestMappingHandlerAdapter.java:884)
 app//org.springframework.web.servlet.mvc.method.annotation.RequestMappingHandlerAdapter.handleInternal(RequestMappingHandlerAdapter.java:797)
 app//org.springframework.web.servlet.mvc.method.AbstractHandlerMethodAdapter.handle(AbstractHandlerMethodAdapter.java:87)
 app//org.springframework.web.servlet.DispatcherServlet.doDispatch(DispatcherServlet.java:1081)
 app//org.springframework.web.servlet.DispatcherServlet.doService(DispatcherServlet.java:974)
 app//org.springframework.web.servlet.FrameworkServlet.processRequest(FrameworkServlet.java:1011)
 app//org.springframework.web.servlet.FrameworkServlet.doPost(FrameworkServlet.java:914)
 app//jakarta.servlet.http.HttpServlet.service(HttpServlet.java:590)
 app//org.springframework.web.servlet.FrameworkServlet.service(FrameworkServlet.java:885)
 app//jakarta.servlet.http.HttpServlet.service(HttpServlet.java:658)
 app//org.apache.catalina.core.ApplicationFilterChain.internalDoFilter(ApplicationFilterChain.java:205)
 app//org.apache.catalina.core.ApplicationFilterChain.doFilter(ApplicationFilterChain.java:149)
 app//org.apache.tomcat.websocket.server.WsFilter.doFilter(WsFilter.java:51)
 app//org.apache.catalina.core.ApplicationFilterChain.internalDoFilter(ApplicationFilterChain.java:174)
 app//org.apache.catalina.core.ApplicationFilterChain.doFilter(ApplicationFilterChain.java:149)
 app//org.springframework.web.filter.RequestContextFilter.doFilterInternal(RequestContextFilter.java:100)
 app//org.springframework.web.filter.OncePerRequestFilter.doFilter(OncePerRequestFilter.java:116)
 app//org.apache.catalina.core.ApplicationFilterChain.internalDoFilter(ApplicationFilterChain.java:174)
 app//org.apache.catalina.core.ApplicationFilterChain.doFilter(ApplicationFilterChain.java:149)
 app//org.springframework.web.filter.FormContentFilter.doFilterInternal(FormContentFilter.java:93)
 app//org.springframework.web.filter.OncePerRequestFilter.doFilter(OncePerRequestFilter.java:116)
 app//org.apache.catalina.core.ApplicationFilterChain.internalDoFilter(ApplicationFilterChain.java:174)
 app//org.apache.catalina.core.ApplicationFilterChain.doFilter(ApplicationFilterChain.java:149)
 app//org.springframework.web.filter.ServerHttpObservationFilter.doFilterInternal(ServerHttpObservationFilter.java:109)
 app//org.springframework.web.filter.OncePerRequestFilter.doFilter(OncePerRequestFilter.java:116)
 app//org.apache.catalina.core.ApplicationFilterChain.internalDoFilter(ApplicationFilterChain.java:174)
 app//org.apache.catalina.core.ApplicationFilterChain.doFilter(ApplicationFilterChain.java:149)
 app//org.springframework.web.filter.CharacterEncodingFilter.doFilterInternal(CharacterEncodingFilter.java:201)
 app//org.springframework.web.filter.OncePerRequestFilter.doFilter(OncePerRequestFilter.java:116)
 app//org.apache.catalina.core.ApplicationFilterChain.internalDoFilter(ApplicationFilterChain.java:174)
 app//org.apache.catalina.core.ApplicationFilterChain.doFilter(ApplicationFilterChain.java:149)
 app//org.apache.catalina.core.StandardWrapperValve.invoke(StandardWrapperValve.java:167)
 app//org.apache.catalina.core.StandardContextValve.invoke(StandardContextValve.java:90)
 app//org.apache.catalina.authenticator.AuthenticatorBase.invoke(AuthenticatorBase.java:482)
 app//org.apache.catalina.core.StandardHostValve.invoke(StandardHostValve.java:115)
 app//org.apache.catalina.valves.ErrorReportValve.invoke(ErrorReportValve.java:93)
 app//org.apache.catalina.core.StandardEngineValve.invoke(StandardEngineValve.java:74)
 app//org.apache.catalina.connector.CoyoteAdapter.service(CoyoteAdapter.java:341)
 app//org.apache.coyote.http11.Http11Processor.service(Http11Processor.java:391)
 app//org.apache.coyote.AbstractProcessorLight.process(AbstractProcessorLight.java:63)
 app//org.apache.coyote.AbstractProtocol$ConnectionHandler.process(AbstractProtocol.java:894)
 app//org.apache.tomcat.util.net.NioEndpoint$SocketProcessor.doRun(NioEndpoint.java:1740)
 app//org.apache.tomcat.util.net.SocketProcessorBase.run(SocketProcessorBase.java:52)
 app//org.apache.tomcat.util.threads.ThreadPoolExecutor.runWorker(ThreadPoolExecutor.java:1191)
 app//org.apache.tomcat.util.threads.ThreadPoolExecutor$Worker.run(ThreadPoolExecutor.java:659)
 app//org.apache.tomcat.util.threads.TaskThread$WrappingRunnable.run(TaskThread.java:61)
 java.base@17.0.6/java.lang.Thread.run(Thread.java:833)]
2023-12-03 10:14:36 WARN  o.s.b.a.o.j.JpaBaseConfiguration$JpaWebConfiguration - spring.jpa.open-in-view is enabled by default. Therefore, database queries may be performed during view rendering. Explicitly configure spring.jpa.open-in-view to disable this warning
2023-12-03 10:14:47 WARN  o.t.s.p.AbstractStandardFragmentInsertionTagProcessor - [THYMELEAF][http-nio-8080-exec-1][LoginPage] Deprecated unwrapped fragment expression "Navbar :: Navbar" found in template LoginPage, line 14, col 6. Please use the complete syntax of fragment expressions instead ("~{Navbar :: Navbar}"). The old, unwrapped syntax for fragment expressions will be removed in future versions of Thymeleaf.
2023-12-03 10:14:50 WARN  o.t.s.p.AbstractStandardFragmentInsertionTagProcessor - [THYMELEAF][http-nio-8080-exec-8][PostLoginPages/DashBoard] Deprecated unwrapped fragment expression "PostLoginPages/LoginNavbar :: LoginNavbar" found in template PostLoginPages/DashBoard, line 14, col 6. Please use the complete syntax of fragment expressions instead ("~{PostLoginPages/LoginNavbar :: LoginNavbar}"). The old, unwrapped syntax for fragment expressions will be removed in future versions of Thymeleaf.
2023-12-03 10:24:07 WARN  o.t.s.p.AbstractStandardFragmentInsertionTagProcessor - [THYMELEAF][http-nio-8080-exec-1][PostLoginPages/ViewCart] Deprecated unwrapped fragment expression "PostLoginPages/LoginNavbar :: LoginNavbar" found in template PostLoginPages/ViewCart, line 12, col 6. Please use the complete syntax of fragment expressions instead ("~{PostLoginPages/LoginNavbar :: LoginNavbar}"). The old, unwrapped syntax for fragment expressions will be removed in future versions of Thymeleaf.
2023-12-03 10:24:07 WARN  o.t.s.p.AbstractStandardFragmentInsertionTagProcessor - [THYMELEAF][http-nio-8080-exec-4][PostLoginPages/ViewCart] Deprecated unwrapped fragment expression "PostLoginPages/LoginNavbar :: LoginNavbar" found in template PostLoginPages/ViewCart, line 12, col 6. Please use the complete syntax of fragment expressions instead ("~{PostLoginPages/LoginNavbar :: LoginNavbar}"). The old, unwrapped syntax for fragment expressions will be removed in future versions of Thymeleaf.
2023-12-03 10:24:08 WARN  o.t.s.p.AbstractStandardFragmentInsertionTagProcessor - [THYMELEAF][http-nio-8080-exec-3][PostLoginPages/ViewCart] Deprecated unwrapped fragment expression "PostLoginPages/LoginNavbar :: LoginNavbar" found in template PostLoginPages/ViewCart, line 12, col 6. Please use the complete syntax of fragment expressions instead ("~{PostLoginPages/LoginNavbar :: LoginNavbar}"). The old, unwrapped syntax for fragment expressions will be removed in future versions of Thymeleaf.
2023-12-03 10:24:10 WARN  com.zaxxer.hikari.pool.HikariPool - HikariPool-1 - Thread starvation or clock leap detected (housekeeper delta=3m7s669ms90µs800ns).
2023-12-03 10:26:10 WARN  o.t.s.p.AbstractStandardFragmentInsertionTagProcessor - [THYMELEAF][http-nio-8080-exec-5][PostLoginPages/ViewCart] Deprecated unwrapped fragment expression "PostLoginPages/LoginNavbar :: LoginNavbar" found in template PostLoginPages/ViewCart, line 12, col 6. Please use the complete syntax of fragment expressions instead ("~{PostLoginPages/LoginNavbar :: LoginNavbar}"). The old, unwrapped syntax for fragment expressions will be removed in future versions of Thymeleaf.
2023-12-03 10:59:26 WARN  o.t.s.p.AbstractStandardFragmentInsertionTagProcessor - [THYMELEAF][http-nio-8080-exec-6][LoginPage] Deprecated unwrapped fragment expression "Navbar :: Navbar" found in template LoginPage, line 14, col 6. Please use the complete syntax of fragment expressions instead ("~{Navbar :: Navbar}"). The old, unwrapped syntax for fragment expressions will be removed in future versions of Thymeleaf.
2023-12-03 10:59:29 WARN  com.zaxxer.hikari.pool.HikariPool - HikariPool-1 - Thread starvation or clock leap detected (housekeeper delta=28m19s91ms561µs500ns).
2023-12-03 10:59:30 WARN  o.t.s.p.AbstractStandardFragmentInsertionTagProcessor - [THYMELEAF][http-nio-8080-exec-4][PostLoginPages/DashBoard] Deprecated unwrapped fragment expression "PostLoginPages/LoginNavbar :: LoginNavbar" found in template PostLoginPages/DashBoard, line 14, col 6. Please use the complete syntax of fragment expressions instead ("~{PostLoginPages/LoginNavbar :: LoginNavbar}"). The old, unwrapped syntax for fragment expressions will be removed in future versions of Thymeleaf.
2023-12-03 10:59:32 WARN  o.t.s.p.AbstractStandardFragmentInsertionTagProcessor - [THYMELEAF][http-nio-8080-exec-6][PostLoginPages/Menu] Deprecated unwrapped fragment expression "PostLoginPages/LoginNavbar :: LoginNavbar" found in template PostLoginPages/Menu, line 17, col 6. Please use the complete syntax of fragment expressions instead ("~{PostLoginPages/LoginNavbar :: LoginNavbar}"). The old, unwrapped syntax for fragment expressions will be removed in future versions of Thymeleaf.
2023-12-03 11:01:19 WARN  o.t.s.p.AbstractStandardFragmentInsertionTagProcessor - [THYMELEAF][http-nio-8080-exec-5][PostLoginPages/ViewCart] Deprecated unwrapped fragment expression "PostLoginPages/LoginNavbar :: LoginNavbar" found in template PostLoginPages/ViewCart, line 12, col 6. Please use the complete syntax of fragment expressions instead ("~{PostLoginPages/LoginNavbar :: LoginNavbar}"). The old, unwrapped syntax for fragment expressions will be removed in future versions of Thymeleaf.
2023-12-03 11:02:23 WARN  o.t.s.p.AbstractStandardFragmentInsertionTagProcessor - [THYMELEAF][http-nio-8080-exec-8][PostLoginPages/ViewCart] Deprecated unwrapped fragment expression "PostLoginPages/LoginNavbar :: LoginNavbar" found in template PostLoginPages/ViewCart, line 12, col 6. Please use the complete syntax of fragment expressions instead ("~{PostLoginPages/LoginNavbar :: LoginNavbar}"). The old, unwrapped syntax for fragment expressions will be removed in future versions of Thymeleaf.
2023-12-03 11:03:57 WARN  o.t.s.p.AbstractStandardFragmentInsertionTagProcessor - [THYMELEAF][http-nio-8080-exec-7][PostLoginPages/ViewCart] Deprecated unwrapped fragment expression "PostLoginPages/LoginNavbar :: LoginNavbar" found in template PostLoginPages/ViewCart, line 12, col 6. Please use the complete syntax of fragment expressions instead ("~{PostLoginPages/LoginNavbar :: LoginNavbar}"). The old, unwrapped syntax for fragment expressions will be removed in future versions of Thymeleaf.
2023-12-03 11:05:59 WARN  o.t.s.p.AbstractStandardFragmentInsertionTagProcessor - [THYMELEAF][http-nio-8080-exec-3][PostLoginPages/ViewCart] Deprecated unwrapped fragment expression "PostLoginPages/LoginNavbar :: LoginNavbar" found in template PostLoginPages/ViewCart, line 12, col 6. Please use the complete syntax of fragment expressions instead ("~{PostLoginPages/LoginNavbar :: LoginNavbar}"). The old, unwrapped syntax for fragment expressions will be removed in future versions of Thymeleaf.
2023-12-03 11:36:00 WARN  o.t.s.p.AbstractStandardFragmentInsertionTagProcessor - [THYMELEAF][http-nio-8080-exec-8][PostLoginPages/ViewCart] Deprecated unwrapped fragment expression "PostLoginPages/LoginNavbar :: LoginNavbar" found in template PostLoginPages/ViewCart, line 12, col 6. Please use the complete syntax of fragment expressions instead ("~{PostLoginPages/LoginNavbar :: LoginNavbar}"). The old, unwrapped syntax for fragment expressions will be removed in future versions of Thymeleaf.
2023-12-03 11:36:13 WARN  o.t.s.p.AbstractStandardFragmentInsertionTagProcessor - [THYMELEAF][http-nio-8080-exec-3][PostLoginPages/ViewCart] Deprecated unwrapped fragment expression "PostLoginPages/LoginNavbar :: LoginNavbar" found in template PostLoginPages/ViewCart, line 12, col 6. Please use the complete syntax of fragment expressions instead ("~{PostLoginPages/LoginNavbar :: LoginNavbar}"). The old, unwrapped syntax for fragment expressions will be removed in future versions of Thymeleaf.
2023-12-03 11:36:37 WARN  o.t.s.p.AbstractStandardFragmentInsertionTagProcessor - [THYMELEAF][http-nio-8080-exec-4][PostLoginPages/ViewCart] Deprecated unwrapped fragment expression "PostLoginPages/LoginNavbar :: LoginNavbar" found in template PostLoginPages/ViewCart, line 12, col 6. Please use the complete syntax of fragment expressions instead ("~{PostLoginPages/LoginNavbar :: LoginNavbar}"). The old, unwrapped syntax for fragment expressions will be removed in future versions of Thymeleaf.
2023-12-03 11:36:45 WARN  o.t.s.p.AbstractStandardFragmentInsertionTagProcessor - [THYMELEAF][http-nio-8080-exec-1][PostLoginPages/Menu] Deprecated unwrapped fragment expression "PostLoginPages/LoginNavbar :: LoginNavbar" found in template PostLoginPages/Menu, line 17, col 6. Please use the complete syntax of fragment expressions instead ("~{PostLoginPages/LoginNavbar :: LoginNavbar}"). The old, unwrapped syntax for fragment expressions will be removed in future versions of Thymeleaf.
2023-12-03 11:36:54 WARN  o.t.s.p.AbstractStandardFragmentInsertionTagProcessor - [THYMELEAF][http-nio-8080-exec-5][PostLoginPages/ViewCart] Deprecated unwrapped fragment expression "PostLoginPages/LoginNavbar :: LoginNavbar" found in template PostLoginPages/ViewCart, line 12, col 6. Please use the complete syntax of fragment expressions instead ("~{PostLoginPages/LoginNavbar :: LoginNavbar}"). The old, unwrapped syntax for fragment expressions will be removed in future versions of Thymeleaf.
2023-12-03 11:36:57 WARN  o.t.s.p.AbstractStandardFragmentInsertionTagProcessor - [THYMELEAF][http-nio-8080-exec-7][PostLoginPages/ViewCart] Deprecated unwrapped fragment expression "PostLoginPages/LoginNavbar :: LoginNavbar" found in template PostLoginPages/ViewCart, line 12, col 6. Please use the complete syntax of fragment expressions instead ("~{PostLoginPages/LoginNavbar :: LoginNavbar}"). The old, unwrapped syntax for fragment expressions will be removed in future versions of Thymeleaf.
2023-12-03 11:36:59 WARN  o.t.s.p.AbstractStandardFragmentInsertionTagProcessor - [THYMELEAF][http-nio-8080-exec-1][PostLoginPages/ViewCart] Deprecated unwrapped fragment expression "PostLoginPages/LoginNavbar :: LoginNavbar" found in template PostLoginPages/ViewCart, line 12, col 6. Please use the complete syntax of fragment expressions instead ("~{PostLoginPages/LoginNavbar :: LoginNavbar}"). The old, unwrapped syntax for fragment expressions will be removed in future versions of Thymeleaf.
2023-12-03 11:37:32 WARN  o.t.s.p.AbstractStandardFragmentInsertionTagProcessor - [THYMELEAF][http-nio-8080-exec-3][PostLoginPages/DashBoard] Deprecated unwrapped fragment expression "PostLoginPages/LoginNavbar :: LoginNavbar" found in template PostLoginPages/DashBoard, line 14, col 6. Please use the complete syntax of fragment expressions instead ("~{PostLoginPages/LoginNavbar :: LoginNavbar}"). The old, unwrapped syntax for fragment expressions will be removed in future versions of Thymeleaf.
2023-12-03 11:37:34 WARN  o.s.w.s.m.m.a.ExceptionHandlerExceptionResolver - Resolved [org.springframework.jdbc.BadSqlGrammarException: PreparedStatementCallback; bad SQL grammar [SELECT us.FIRSTNAME, men.restaurant_name, ord.order_timestamp, ord.status, orde.quantity, (orde.quantity * orde.price) as total_price, men.item_name, orde.status_order orde.status_order FROM unidinehub.orders ord JOIN unidinehub.order_details orde ON ord.order_id = orde.order_id JOIN unidinehub.menu_items men ON men.item_id = orde.item_id JOIN unidinehub.user us ON us.user_id = ord.user_id WHERE ord.user_id  = ?]]
2023-12-03 11:37:34 WARN  o.t.s.p.AbstractStandardFragmentInsertionTagProcessor - [THYMELEAF][http-nio-8080-exec-9][errorPage] Deprecated unwrapped fragment expression "Navbar :: Navbar" found in template errorPage, line 28, col 10. Please use the complete syntax of fragment expressions instead ("~{Navbar :: Navbar}"). The old, unwrapped syntax for fragment expressions will be removed in future versions of Thymeleaf.
2023-12-03 11:49:03 WARN  com.zaxxer.hikari.pool.HikariPool - HikariPool-1 - Thread starvation or clock leap detected (housekeeper delta=6m33s108ms618µs400ns).
2023-12-03 13:14:09 WARN  com.zaxxer.hikari.pool.HikariPool - HikariPool-1 - Thread starvation or clock leap detected (housekeeper delta=14m4s423ms646µs).
2023-12-03 13:17:34 WARN  com.zaxxer.hikari.pool.PoolBase - HikariPool-1 - Failed to validate connection com.mysql.cj.jdbc.ConnectionImpl@737983ca (No operations allowed after connection closed.). Possibly consider using a shorter maxLifetime value.
2023-12-03 13:17:34 WARN  com.zaxxer.hikari.pool.PoolBase - HikariPool-1 - Failed to validate connection com.mysql.cj.jdbc.ConnectionImpl@13a277b2 (No operations allowed after connection closed.). Possibly consider using a shorter maxLifetime value.
2023-12-03 13:17:34 WARN  com.zaxxer.hikari.pool.PoolBase - HikariPool-1 - Failed to validate connection com.mysql.cj.jdbc.ConnectionImpl@25e1150e (No operations allowed after connection closed.). Possibly consider using a shorter maxLifetime value.
2023-12-03 13:17:34 WARN  com.zaxxer.hikari.pool.PoolBase - HikariPool-1 - Failed to validate connection com.mysql.cj.jdbc.ConnectionImpl@1a39a5ab (No operations allowed after connection closed.). Possibly consider using a shorter maxLifetime value.
2023-12-03 13:17:34 WARN  com.zaxxer.hikari.pool.PoolBase - HikariPool-1 - Failed to validate connection com.mysql.cj.jdbc.ConnectionImpl@49fe7cfb (No operations allowed after connection closed.). Possibly consider using a shorter maxLifetime value.
2023-12-03 13:17:34 WARN  com.zaxxer.hikari.pool.PoolBase - HikariPool-1 - Failed to validate connection com.mysql.cj.jdbc.ConnectionImpl@49e18d91 (No operations allowed after connection closed.). Possibly consider using a shorter maxLifetime value.
2023-12-03 13:17:34 WARN  com.zaxxer.hikari.pool.PoolBase - HikariPool-1 - Failed to validate connection com.mysql.cj.jdbc.ConnectionImpl@6485a8c6 (No operations allowed after connection closed.). Possibly consider using a shorter maxLifetime value.
2023-12-03 13:17:34 WARN  com.zaxxer.hikari.pool.PoolBase - HikariPool-1 - Failed to validate connection com.mysql.cj.jdbc.ConnectionImpl@33c64d00 (No operations allowed after connection closed.). Possibly consider using a shorter maxLifetime value.
2023-12-03 13:17:34 WARN  com.zaxxer.hikari.pool.PoolBase - HikariPool-1 - Failed to validate connection com.mysql.cj.jdbc.ConnectionImpl@965f627 (No operations allowed after connection closed.). Possibly consider using a shorter maxLifetime value.
2023-12-03 13:17:35 WARN  com.zaxxer.hikari.pool.PoolBase - HikariPool-1 - Failed to validate connection com.mysql.cj.jdbc.ConnectionImpl@4cad6f9f (No operations allowed after connection closed.). Possibly consider using a shorter maxLifetime value.
2023-12-03 13:18:19 WARN  o.t.s.p.AbstractStandardFragmentInsertionTagProcessor - [THYMELEAF][http-nio-8080-exec-3][LoginPage] Deprecated unwrapped fragment expression "Navbar :: Navbar" found in template LoginPage, line 14, col 6. Please use the complete syntax of fragment expressions instead ("~{Navbar :: Navbar}"). The old, unwrapped syntax for fragment expressions will be removed in future versions of Thymeleaf.
2023-12-03 13:18:22 WARN  o.t.s.p.AbstractStandardFragmentInsertionTagProcessor - [THYMELEAF][http-nio-8080-exec-7][PostLoginPages/DashBoard] Deprecated unwrapped fragment expression "PostLoginPages/LoginNavbar :: LoginNavbar" found in template PostLoginPages/DashBoard, line 14, col 6. Please use the complete syntax of fragment expressions instead ("~{PostLoginPages/LoginNavbar :: LoginNavbar}"). The old, unwrapped syntax for fragment expressions will be removed in future versions of Thymeleaf.
2023-12-03 13:18:25 WARN  o.t.s.p.AbstractStandardFragmentInsertionTagProcessor - [THYMELEAF][http-nio-8080-exec-3][PostLoginPages/Menu] Deprecated unwrapped fragment expression "PostLoginPages/LoginNavbar :: LoginNavbar" found in template PostLoginPages/Menu, line 17, col 6. Please use the complete syntax of fragment expressions instead ("~{PostLoginPages/LoginNavbar :: LoginNavbar}"). The old, unwrapped syntax for fragment expressions will be removed in future versions of Thymeleaf.
2023-12-03 13:18:29 WARN  o.t.s.p.AbstractStandardFragmentInsertionTagProcessor - [THYMELEAF][http-nio-8080-exec-5][PostLoginPages/ViewCart] Deprecated unwrapped fragment expression "PostLoginPages/LoginNavbar :: LoginNavbar" found in template PostLoginPages/ViewCart, line 12, col 6. Please use the complete syntax of fragment expressions instead ("~{PostLoginPages/LoginNavbar :: LoginNavbar}"). The old, unwrapped syntax for fragment expressions will be removed in future versions of Thymeleaf.
2023-12-03 13:18:31 WARN  o.t.s.p.AbstractStandardFragmentInsertionTagProcessor - [THYMELEAF][http-nio-8080-exec-2][PostLoginPages/ViewCart] Deprecated unwrapped fragment expression "PostLoginPages/LoginNavbar :: LoginNavbar" found in template PostLoginPages/ViewCart, line 12, col 6. Please use the complete syntax of fragment expressions instead ("~{PostLoginPages/LoginNavbar :: LoginNavbar}"). The old, unwrapped syntax for fragment expressions will be removed in future versions of Thymeleaf.
2023-12-03 13:18:33 WARN  o.t.s.p.AbstractStandardFragmentInsertionTagProcessor - [THYMELEAF][http-nio-8080-exec-7][PostLoginPages/orderConfirm] Deprecated unwrapped fragment expression "PostLoginPages/LoginNavbar :: LoginNavbar" found in template PostLoginPages/orderConfirm, line 13, col 6. Please use the complete syntax of fragment expressions instead ("~{PostLoginPages/LoginNavbar :: LoginNavbar}"). The old, unwrapped syntax for fragment expressions will be removed in future versions of Thymeleaf.
2023-12-03 13:18:36 WARN  o.t.s.p.AbstractStandardFragmentInsertionTagProcessor - [THYMELEAF][http-nio-8080-exec-5][PostLoginPages/ViewCart] Deprecated unwrapped fragment expression "PostLoginPages/LoginNavbar :: LoginNavbar" found in template PostLoginPages/ViewCart, line 12, col 6. Please use the complete syntax of fragment expressions instead ("~{PostLoginPages/LoginNavbar :: LoginNavbar}"). The old, unwrapped syntax for fragment expressions will be removed in future versions of Thymeleaf.
2023-12-03 13:19:43 WARN  o.s.b.a.o.j.JpaBaseConfiguration$JpaWebConfiguration - spring.jpa.open-in-view is enabled by default. Therefore, database queries may be performed during view rendering. Explicitly configure spring.jpa.open-in-view to disable this warning
2023-12-03 13:19:52 WARN  o.s.b.a.o.j.JpaBaseConfiguration$JpaWebConfiguration - spring.jpa.open-in-view is enabled by default. Therefore, database queries may be performed during view rendering. Explicitly configure spring.jpa.open-in-view to disable this warning
2023-12-03 13:21:11 WARN  o.s.b.a.o.j.JpaBaseConfiguration$JpaWebConfiguration - spring.jpa.open-in-view is enabled by default. Therefore, database queries may be performed during view rendering. Explicitly configure spring.jpa.open-in-view to disable this warning
2023-12-03 13:21:20 WARN  o.t.s.p.AbstractStandardFragmentInsertionTagProcessor - [THYMELEAF][http-nio-8080-exec-9][LoginPage] Deprecated unwrapped fragment expression "Navbar :: Navbar" found in template LoginPage, line 14, col 6. Please use the complete syntax of fragment expressions instead ("~{Navbar :: Navbar}"). The old, unwrapped syntax for fragment expressions will be removed in future versions of Thymeleaf.
2023-12-03 13:21:22 WARN  o.t.s.p.AbstractStandardFragmentInsertionTagProcessor - [THYMELEAF][http-nio-8080-exec-5][PostLoginPages/DashBoard] Deprecated unwrapped fragment expression "PostLoginPages/LoginNavbar :: LoginNavbar" found in template PostLoginPages/DashBoard, line 14, col 6. Please use the complete syntax of fragment expressions instead ("~{PostLoginPages/LoginNavbar :: LoginNavbar}"). The old, unwrapped syntax for fragment expressions will be removed in future versions of Thymeleaf.
2023-12-03 13:21:25 WARN  o.t.s.p.AbstractStandardFragmentInsertionTagProcessor - [THYMELEAF][http-nio-8080-exec-9][PostLoginPages/ViewCart] Deprecated unwrapped fragment expression "PostLoginPages/LoginNavbar :: LoginNavbar" found in template PostLoginPages/ViewCart, line 12, col 6. Please use the complete syntax of fragment expressions instead ("~{PostLoginPages/LoginNavbar :: LoginNavbar}"). The old, unwrapped syntax for fragment expressions will be removed in future versions of Thymeleaf.
2023-12-03 13:21:28 WARN  o.t.s.p.AbstractStandardFragmentInsertionTagProcessor - [THYMELEAF][http-nio-8080-exec-6][PostLoginPages/DashBoard] Deprecated unwrapped fragment expression "PostLoginPages/LoginNavbar :: LoginNavbar" found in template PostLoginPages/DashBoard, line 14, col 6. Please use the complete syntax of fragment expressions instead ("~{PostLoginPages/LoginNavbar :: LoginNavbar}"). The old, unwrapped syntax for fragment expressions will be removed in future versions of Thymeleaf.
2023-12-03 13:21:30 WARN  o.t.s.p.AbstractStandardFragmentInsertionTagProcessor - [THYMELEAF][http-nio-8080-exec-8][PostLoginPages/Menu] Deprecated unwrapped fragment expression "PostLoginPages/LoginNavbar :: LoginNavbar" found in template PostLoginPages/Menu, line 17, col 6. Please use the complete syntax of fragment expressions instead ("~{PostLoginPages/LoginNavbar :: LoginNavbar}"). The old, unwrapped syntax for fragment expressions will be removed in future versions of Thymeleaf.
2023-12-03 13:21:40 WARN  o.t.s.p.AbstractStandardFragmentInsertionTagProcessor - [THYMELEAF][http-nio-8080-exec-10][PostLoginPages/ViewCart] Deprecated unwrapped fragment expression "PostLoginPages/LoginNavbar :: LoginNavbar" found in template PostLoginPages/ViewCart, line 12, col 6. Please use the complete syntax of fragment expressions instead ("~{PostLoginPages/LoginNavbar :: LoginNavbar}"). The old, unwrapped syntax for fragment expressions will be removed in future versions of Thymeleaf.
2023-12-03 13:21:43 WARN  o.t.s.p.AbstractStandardFragmentInsertionTagProcessor - [THYMELEAF][http-nio-8080-exec-2][PostLoginPages/ViewCart] Deprecated unwrapped fragment expression "PostLoginPages/LoginNavbar :: LoginNavbar" found in template PostLoginPages/ViewCart, line 12, col 6. Please use the complete syntax of fragment expressions instead ("~{PostLoginPages/LoginNavbar :: LoginNavbar}"). The old, unwrapped syntax for fragment expressions will be removed in future versions of Thymeleaf.
2023-12-03 13:21:46 WARN  o.t.s.p.AbstractStandardFragmentInsertionTagProcessor - [THYMELEAF][http-nio-8080-exec-9][PostLoginPages/orderConfirm] Deprecated unwrapped fragment expression "PostLoginPages/LoginNavbar :: LoginNavbar" found in template PostLoginPages/orderConfirm, line 13, col 6. Please use the complete syntax of fragment expressions instead ("~{PostLoginPages/LoginNavbar :: LoginNavbar}"). The old, unwrapped syntax for fragment expressions will be removed in future versions of Thymeleaf.
2023-12-03 13:21:47 WARN  o.t.s.p.AbstractStandardFragmentInsertionTagProcessor - [THYMELEAF][http-nio-8080-exec-10][PostLoginPages/DashBoard] Deprecated unwrapped fragment expression "PostLoginPages/LoginNavbar :: LoginNavbar" found in template PostLoginPages/DashBoard, line 14, col 6. Please use the complete syntax of fragment expressions instead ("~{PostLoginPages/LoginNavbar :: LoginNavbar}"). The old, unwrapped syntax for fragment expressions will be removed in future versions of Thymeleaf.
2023-12-03 13:21:50 WARN  o.t.s.p.AbstractStandardFragmentInsertionTagProcessor - [THYMELEAF][http-nio-8080-exec-3][PostLoginPages/ViewCart] Deprecated unwrapped fragment expression "PostLoginPages/LoginNavbar :: LoginNavbar" found in template PostLoginPages/ViewCart, line 12, col 6. Please use the complete syntax of fragment expressions instead ("~{PostLoginPages/LoginNavbar :: LoginNavbar}"). The old, unwrapped syntax for fragment expressions will be removed in future versions of Thymeleaf.
2023-12-03 13:22:09 WARN  o.t.s.p.AbstractStandardFragmentInsertionTagProcessor - [THYMELEAF][http-nio-8080-exec-7][PostLoginPages/DashBoard] Deprecated unwrapped fragment expression "PostLoginPages/LoginNavbar :: LoginNavbar" found in template PostLoginPages/DashBoard, line 14, col 6. Please use the complete syntax of fragment expressions instead ("~{PostLoginPages/LoginNavbar :: LoginNavbar}"). The old, unwrapped syntax for fragment expressions will be removed in future versions of Thymeleaf.
2023-12-03 13:22:11 WARN  o.t.s.p.AbstractStandardFragmentInsertionTagProcessor - [THYMELEAF][http-nio-8080-exec-8][PostLoginPages/Menu] Deprecated unwrapped fragment expression "PostLoginPages/LoginNavbar :: LoginNavbar" found in template PostLoginPages/Menu, line 17, col 6. Please use the complete syntax of fragment expressions instead ("~{PostLoginPages/LoginNavbar :: LoginNavbar}"). The old, unwrapped syntax for fragment expressions will be removed in future versions of Thymeleaf.
2023-12-03 13:22:22 WARN  o.t.s.p.AbstractStandardFragmentInsertionTagProcessor - [THYMELEAF][http-nio-8080-exec-6][PostLoginPages/ViewCart] Deprecated unwrapped fragment expression "PostLoginPages/LoginNavbar :: LoginNavbar" found in template PostLoginPages/ViewCart, line 12, col 6. Please use the complete syntax of fragment expressions instead ("~{PostLoginPages/LoginNavbar :: LoginNavbar}"). The old, unwrapped syntax for fragment expressions will be removed in future versions of Thymeleaf.
2023-12-03 13:25:05 WARN  o.t.s.p.AbstractStandardFragmentInsertionTagProcessor - [THYMELEAF][http-nio-8080-exec-9][PostLoginPages/ViewCart] Deprecated unwrapped fragment expression "PostLoginPages/LoginNavbar :: LoginNavbar" found in template PostLoginPages/ViewCart, line 12, col 6. Please use the complete syntax of fragment expressions instead ("~{PostLoginPages/LoginNavbar :: LoginNavbar}"). The old, unwrapped syntax for fragment expressions will be removed in future versions of Thymeleaf.
2023-12-03 13:25:09 WARN  o.t.s.p.AbstractStandardFragmentInsertionTagProcessor - [THYMELEAF][http-nio-8080-exec-2][PostLoginPages/orderConfirm] Deprecated unwrapped fragment expression "PostLoginPages/LoginNavbar :: LoginNavbar" found in template PostLoginPages/orderConfirm, line 13, col 6. Please use the complete syntax of fragment expressions instead ("~{PostLoginPages/LoginNavbar :: LoginNavbar}"). The old, unwrapped syntax for fragment expressions will be removed in future versions of Thymeleaf.
2023-12-03 13:27:02 WARN  o.t.s.p.AbstractStandardFragmentInsertionTagProcessor - [THYMELEAF][http-nio-8080-exec-8][PostLoginPages/ViewCart] Deprecated unwrapped fragment expression "PostLoginPages/LoginNavbar :: LoginNavbar" found in template PostLoginPages/ViewCart, line 12, col 6. Please use the complete syntax of fragment expressions instead ("~{PostLoginPages/LoginNavbar :: LoginNavbar}"). The old, unwrapped syntax for fragment expressions will be removed in future versions of Thymeleaf.
2023-12-03 13:27:04 WARN  o.t.s.p.AbstractStandardFragmentInsertionTagProcessor - [THYMELEAF][http-nio-8080-exec-1][PostLoginPages/Menu] Deprecated unwrapped fragment expression "PostLoginPages/LoginNavbar :: LoginNavbar" found in template PostLoginPages/Menu, line 17, col 6. Please use the complete syntax of fragment expressions instead ("~{PostLoginPages/LoginNavbar :: LoginNavbar}"). The old, unwrapped syntax for fragment expressions will be removed in future versions of Thymeleaf.
2023-12-03 13:27:13 WARN  o.t.s.p.AbstractStandardFragmentInsertionTagProcessor - [THYMELEAF][http-nio-8080-exec-9][PostLoginPages/ViewCart] Deprecated unwrapped fragment expression "PostLoginPages/LoginNavbar :: LoginNavbar" found in template PostLoginPages/ViewCart, line 12, col 6. Please use the complete syntax of fragment expressions instead ("~{PostLoginPages/LoginNavbar :: LoginNavbar}"). The old, unwrapped syntax for fragment expressions will be removed in future versions of Thymeleaf.
2023-12-03 13:27:18 WARN  o.t.s.p.AbstractStandardFragmentInsertionTagProcessor - [THYMELEAF][http-nio-8080-exec-2][PostLoginPages/ViewCart] Deprecated unwrapped fragment expression "PostLoginPages/LoginNavbar :: LoginNavbar" found in template PostLoginPages/ViewCart, line 12, col 6. Please use the complete syntax of fragment expressions instead ("~{PostLoginPages/LoginNavbar :: LoginNavbar}"). The old, unwrapped syntax for fragment expressions will be removed in future versions of Thymeleaf.
2023-12-03 13:27:42 WARN  o.t.s.p.AbstractStandardFragmentInsertionTagProcessor - [THYMELEAF][http-nio-8080-exec-5][PostLoginPages/orderConfirm] Deprecated unwrapped fragment expression "PostLoginPages/LoginNavbar :: LoginNavbar" found in template PostLoginPages/orderConfirm, line 13, col 6. Please use the complete syntax of fragment expressions instead ("~{PostLoginPages/LoginNavbar :: LoginNavbar}"). The old, unwrapped syntax for fragment expressions will be removed in future versions of Thymeleaf.
2023-12-03 13:27:56 WARN  o.t.s.p.AbstractStandardFragmentInsertionTagProcessor - [THYMELEAF][http-nio-8080-exec-9][PostLoginPages/DashBoard] Deprecated unwrapped fragment expression "PostLoginPages/LoginNavbar :: LoginNavbar" found in template PostLoginPages/DashBoard, line 14, col 6. Please use the complete syntax of fragment expressions instead ("~{PostLoginPages/LoginNavbar :: LoginNavbar}"). The old, unwrapped syntax for fragment expressions will be removed in future versions of Thymeleaf.
2023-12-03 13:27:57 WARN  o.t.s.p.AbstractStandardFragmentInsertionTagProcessor - [THYMELEAF][http-nio-8080-exec-4][PostLoginPages/Menu] Deprecated unwrapped fragment expression "PostLoginPages/LoginNavbar :: LoginNavbar" found in template PostLoginPages/Menu, line 17, col 6. Please use the complete syntax of fragment expressions instead ("~{PostLoginPages/LoginNavbar :: LoginNavbar}"). The old, unwrapped syntax for fragment expressions will be removed in future versions of Thymeleaf.
2023-12-03 13:28:04 WARN  o.t.s.p.AbstractStandardFragmentInsertionTagProcessor - [THYMELEAF][http-nio-8080-exec-4][PostLoginPages/ViewCart] Deprecated unwrapped fragment expression "PostLoginPages/LoginNavbar :: LoginNavbar" found in template PostLoginPages/ViewCart, line 12, col 6. Please use the complete syntax of fragment expressions instead ("~{PostLoginPages/LoginNavbar :: LoginNavbar}"). The old, unwrapped syntax for fragment expressions will be removed in future versions of Thymeleaf.
